<?xml version="1.0" encoding="utf-8" standalone="no"?>
<!--This file represents the results of running a test suite-->
<test-results name="Calculator.exe" total="8" failures="0" not-run="0" date="2015-05-21" time="16:11:31">
  <environment nunit-version="2.4.8.0" clr-version="4.0.30319.17020" os-version="Unix 14.3.0.0" platform="Unix" cwd="/Users/srdone/Development/c-sharp-practice/Katas" machine-name="Stephens-MBP" user="srdone" user-domain="Stephens-MBP" />
  <culture-info current-culture="en-US" current-uiculture="en-US" />
  <test-suite name="Calculator.exe" success="True" time="0.023" asserts="0">
    <results>
      <test-suite name="Katas" success="True" time="0.020" asserts="0">
        <results>
          <test-suite name="CalculatorSpec" success="True" time="0.014" asserts="0">
            <results>
              <test-case name="Katas.CalculatorSpec.Add2IntsSeparatedByCommas" executed="True" success="True" time="0.004" asserts="1" />
              <test-case name="Katas.CalculatorSpec.Add5IntsSeparatedByCommas" executed="True" success="True" time="0.000" asserts="1" />
              <test-case name="Katas.CalculatorSpec.Add5IntsSeparatedByCommasWithSomeNegative" executed="True" success="True" time="0.000" asserts="1" />
              <test-case name="Katas.CalculatorSpec.AddEmptyString" executed="True" success="True" time="0.000" asserts="1" />
              <test-case name="Katas.CalculatorSpec.AddRandomInt" executed="True" success="True" time="0.000" asserts="1" />
              <test-case name="Katas.CalculatorSpec.AddRandomNegativeInt" executed="True" success="True" time="0.000" asserts="1" />
              <test-case name="Katas.CalculatorSpec.AddSeven" executed="True" success="True" time="0.000" asserts="1" />
              <test-case name="Katas.CalculatorSpec.AddTwoInts" executed="True" success="True" time="0.000" asserts="1" />
            </results>
          </test-suite>
        </results>
      </test-suite>
    </results>
  </test-suite>
</test-results>