<?xml version="1.0" encoding="utf-8" standalone="no"?>
<!--This file represents the results of running a test suite-->
<test-results name="GreatestCommonDivisor.exe" total="2" failures="0" not-run="0" date="2015-05-21" time="10:35:47">
  <environment nunit-version="2.4.8.0" clr-version="4.0.30319.17020" os-version="Unix 14.3.0.0" platform="Unix" cwd="/Users/srdone/Development/c-sharp-practice/Katas" machine-name="Stephens-MBP" user="srdone" user-domain="Stephens-MBP" />
  <culture-info current-culture="en-US" current-uiculture="en-US" />
  <test-suite name="GreatestCommonDivisor.exe" success="True" time="0.018" asserts="0">
    <results>
      <test-suite name="Kata" success="True" time="0.015" asserts="0">
        <results>
          <test-suite name="GreatestCommonDivisorTest" success="True" time="0.009" asserts="0">
            <results>
              <test-case name="Kata.GreatestCommonDivisorTest.BasicTest" executed="True" success="True" time="0.003" asserts="1" />
              <test-case name="Kata.GreatestCommonDivisorTest.One_Is_Only_GCD" executed="True" success="True" time="0.000" asserts="1" />
            </results>
          </test-suite>
        </results>
      </test-suite>
    </results>
  </test-suite>
</test-results>