<?xml version="1.0" encoding="utf-8" standalone="no"?>
<!--This file represents the results of running a test suite-->
<test-results name="Calculator.exe" total="2" failures="1" not-run="0" date="2015-05-21" time="12:54:12">
  <environment nunit-version="2.4.8.0" clr-version="4.0.30319.17020" os-version="Unix 14.3.0.0" platform="Unix" cwd="/Users/srdone/Development/c-sharp-practice/Katas" machine-name="Stephens-MBP" user="srdone" user-domain="Stephens-MBP" />
  <culture-info current-culture="en-US" current-uiculture="en-US" />
  <test-suite name="Calculator.exe" success="False" time="0.060" asserts="0">
    <results>
      <test-suite name="Katas" success="False" time="0.056" asserts="0">
        <results>
          <test-suite name="CalculatorSpec" success="False" time="0.016" asserts="0">
            <results>
              <test-case name="Katas.CalculatorSpec.AddEmptyString" executed="True" success="True" time="0.003" asserts="1" />
              <test-case name="Katas.CalculatorSpec.AddSeven" executed="True" success="False" time="0.007" asserts="1">
                <failure>
                  <message><![CDATA[  Expected: 7
  But was:  -1
]]></message>
                  <stack-trace><![CDATA[at Katas.CalculatorSpec.AddSeven () [0x00000] in <filename unknown>:0
at (wrapper managed-to-native) System.Reflection.MonoMethod:InternalInvoke (System.Reflection.MonoMethod,object,object[],System.Exception&)
at System.Reflection.MonoMethod.Invoke (System.Object obj, BindingFlags invokeAttr, System.Reflection.Binder binder, System.Object[] parameters, System.Globalization.CultureInfo culture) [0x00054] in /private/tmp/mono20150427-94385-ls9w7r/mono-4.0.1/mcs/class/corlib/System.Reflection/MonoMethod.cs:230
]]></stack-trace>
                </failure>
              </test-case>
            </results>
          </test-suite>
        </results>
      </test-suite>
    </results>
  </test-suite>
</test-results>