<?xml version="1.0" encoding="utf-8" standalone="no"?>
<!--This file represents the results of running a test suite-->
<test-results name="Bank.exe" total="3" failures="0" not-run="0" date="2015-05-20" time="12:07:40">
  <environment nunit-version="2.4.8.0" clr-version="4.0.30319.17020" os-version="Unix 14.3.0.0" platform="Unix" cwd="/Users/srdone/Development/c-sharp-practice/NUnitExamples" machine-name="Stephens-MBP" user="srdone" user-domain="Stephens-MBP" />
  <culture-info current-culture="en-US" current-uiculture="en-US" />
  <test-suite name="Bank.exe" success="True" time="0.020" asserts="0">
    <results>
      <test-suite name="Bank" success="True" time="0.017" asserts="0">
        <results>
          <test-suite name="AccountTest" success="True" time="0.011" asserts="0">
            <results>
              <test-case name="Bank.AccountTest.TransferFunds" executed="True" success="True" time="0.004" asserts="2" />
              <test-case name="Bank.AccountTest.TransferWithInsufficientFunds" executed="True" success="True" time="0.001" asserts="0" />
              <test-case name="Bank.AccountTest.TransferWithInsufficientFundsAtomicity" executed="True" success="True" time="0.000" asserts="2" />
            </results>
          </test-suite>
        </results>
      </test-suite>
    </results>
  </test-suite>
</test-results>